<?xml version="1.0" encoding="UTF-8"?>
<!-- Generated by org.testng.reporters.JUnitReportReporter -->
<testsuite skipped="0" hostname="DESKTOP-VE81H4I" name="automationScript.TC_001JewelryTest" tests="1" failures="0" timestamp="2022-03-02T18:12:34 IST" time="16.068" errors="0">
  <testcase name="jewelry" time="16.068" classname="automationScript.TC_001JewelryTest"/>
  <system-out/>
</testsuite> <!-- automationScript.TC_001JewelryTest -->
