<?xml version="1.0" encoding="UTF-8"?>
<!-- Generated by org.testng.reporters.JUnitReportReporter -->
<testsuite skipped="0" hostname="DESKTOP-VE81H4I" name="automationScript.TC_ChangetheviewTest" tests="1" failures="0" timestamp="2022-03-02T18:11:27 IST" time="13.250" errors="0">
  <testcase name="jewelry" time="13.250" classname="automationScript.TC_ChangetheviewTest"/>
  <system-out/>
</testsuite> <!-- automationScript.TC_ChangetheviewTest -->
